<?xml version="1.0" encoding="UTF-8"?>
<testng-results ignored="0" total="2" passed="2" failed="0" skipped="0">
  <reporter-output>
  </reporter-output>
  <suite started-at="2019-02-23T10:00:07Z" name="Default suite" finished-at="2019-02-23T10:00:07Z" duration-ms="78">
    <groups>
    </groups>
    <test started-at="2019-02-23T10:00:07Z" name="Default test" finished-at="2019-02-23T10:00:07Z" duration-ms="78">
      <class name="practice2019.ng">
        <test-method is-config="true" signature="BforeMet()[pri:0, instance:practice2019.ng@2b4bac49]" started-at="2019-02-23T10:00:07Z" name="BforeMet" finished-at="2019-02-23T10:00:07Z" duration-ms="0" status="PASS">
          <reporter-output>
          </reporter-output>
        </test-method> <!-- BforeMet -->
        <test-method signature="SecondTestcase()[pri:1, instance:practice2019.ng@2b4bac49]" started-at="2019-02-23T10:00:07Z" name="SecondTestcase" finished-at="2019-02-23T10:00:07Z" duration-ms="16" status="PASS">
          <reporter-output>
          </reporter-output>
        </test-method> <!-- SecondTestcase -->
        <test-method is-config="true" signature="AftrMeth()[pri:0, instance:practice2019.ng@2b4bac49]" started-at="2019-02-23T10:00:07Z" name="AftrMeth" finished-at="2019-02-23T10:00:07Z" duration-ms="0" status="PASS">
          <reporter-output>
          </reporter-output>
        </test-method> <!-- AftrMeth -->
        <test-method is-config="true" signature="AftrMeth()[pri:0, instance:practice2019.ng@2b4bac49]" started-at="2019-02-23T10:00:07Z" name="AftrMeth" finished-at="2019-02-23T10:00:07Z" duration-ms="0" status="PASS">
          <reporter-output>
          </reporter-output>
        </test-method> <!-- AftrMeth -->
        <test-method is-config="true" signature="BforeMet()[pri:0, instance:practice2019.ng@2b4bac49]" started-at="2019-02-23T10:00:07Z" name="BforeMet" finished-at="2019-02-23T10:00:07Z" duration-ms="0" status="PASS">
          <reporter-output>
          </reporter-output>
        </test-method> <!-- BforeMet -->
        <test-method signature="FirstTestCase()[pri:2, instance:practice2019.ng@2b4bac49]" started-at="2019-02-23T10:00:07Z" name="FirstTestCase" finished-at="2019-02-23T10:00:07Z" duration-ms="0" status="PASS">
          <reporter-output>
          </reporter-output>
        </test-method> <!-- FirstTestCase -->
      </class> <!-- practice2019.ng -->
    </test> <!-- Default test -->
  </suite> <!-- Default suite -->
</testng-results>
